<?xml version="1.0" encoding="UTF-8"?>
<!-- Generated by org.testng.reporters.JUnitXMLReporter -->
<testsuite hostname="LOH070XPGH4JK77.cardinalhealth.net" ignored="0" name="FailedCMR" tests="1" failures="0" timestamp="02 Jul 2020 15:50:33 GMT" time="14.011" errors="0">
  <testcase name="@BeforeMethod setUp" time="12.461" classname="com.ch.base.Base">
    <failure type="org.openqa.selenium.SessionNotCreatedException" message="session not created: This version of ChromeDriver only supports Chrome version 81
Build info: version: &amp;apos;3.141.59&amp;apos;, revision: &amp;apos;e82be7d358&amp;apos;, time: &amp;apos;2018-11-14T08:17:03&amp;apos;
System info: host: &amp;apos;LOH070XPGH4JK77.cardinalhealth.net&amp;apos;, ip: &amp;apos;fe80:0:0:0:1421:df48:aa3a:7801%en0&amp;apos;, os.name: &amp;apos;Mac OS X&amp;apos;, os.arch: &amp;apos;x86_64&amp;apos;, os.version: &amp;apos;10.15.4&amp;apos;, java.version: &amp;apos;1.8.0_251&amp;apos;
Driver info: driver.version: ChromeDriver
remote stacktrace: 0   chromedriver                        0x000000010e3e0789 chromedriver + 4671369
1   chromedriver                        0x000000010e37b5d3 chromedriver + 4257235
2   chromedriver                        0x000000010e02500f chromedriver + 757775
3   chromedriver                        0x000000010df84fc9 chromedriver + 102345
4   chromedriver                        0x000000010df811fc chromedriver + 86524
5   chromedriver                        0x000000010dfb0403 chromedriver + 279555
6   chromedriver                        0x000000010dfad213 chromedriver + 266771
7   chromedriver                        0x000000010df8721d chromedriver + 111133
8   chromedriver                        0x000000010df881c5 chromedriver + 115141
9   chromedriver                        0x000000010e3a303f chromedriver + 4419647
10  chromedriver                        0x000000010e3afcda chromedriver + 4472026
11  chromedriver                        0x000000010e3afa77 chromedriver + 4471415
12  chromedriver                        0x000000010e387189 chromedriver + 4305289
13  chromedriver                        0x000000010e3b0587 chromedriver + 4474247
14  chromedriver                        0x000000010e398dc7 chromedriver + 4378055
15  chromedriver                        0x000000010e3c67f4 chromedriver + 4564980
16  chromedriver                        0x000000010e3e6717 chromedriver + 4695831
17  libsystem_pthread.dylib             0x00007fff6cd58109 _pthread_start + 148
18  libsystem_pthread.dylib             0x00007fff6cd53b8b thread_start + 15
">
      <![CDATA[org.openqa.selenium.SessionNotCreatedException: session not created: This version of ChromeDriver only supports Chrome version 81
Build info: version: '3.141.59', revision: 'e82be7d358', time: '2018-11-14T08:17:03'
System info: host: 'LOH070XPGH4JK77.cardinalhealth.net', ip: 'fe80:0:0:0:1421:df48:aa3a:7801%en0', os.name: 'Mac OS X', os.arch: 'x86_64', os.version: '10.15.4', java.version: '1.8.0_251'
Driver info: driver.version: ChromeDriver
remote stacktrace: 0   chromedriver                        0x000000010e3e0789 chromedriver + 4671369
1   chromedriver                        0x000000010e37b5d3 chromedriver + 4257235
2   chromedriver                        0x000000010e02500f chromedriver + 757775
3   chromedriver                        0x000000010df84fc9 chromedriver + 102345
4   chromedriver                        0x000000010df811fc chromedriver + 86524
5   chromedriver                        0x000000010dfb0403 chromedriver + 279555
6   chromedriver                        0x000000010dfad213 chromedriver + 266771
7   chromedriver                        0x000000010df8721d chromedriver + 111133
8   chromedriver                        0x000000010df881c5 chromedriver + 115141
9   chromedriver                        0x000000010e3a303f chromedriver + 4419647
10  chromedriver                        0x000000010e3afcda chromedriver + 4472026
11  chromedriver                        0x000000010e3afa77 chromedriver + 4471415
12  chromedriver                        0x000000010e387189 chromedriver + 4305289
13  chromedriver                        0x000000010e3b0587 chromedriver + 4474247
14  chromedriver                        0x000000010e398dc7 chromedriver + 4378055
15  chromedriver                        0x000000010e3c67f4 chromedriver + 4564980
16  chromedriver                        0x000000010e3e6717 chromedriver + 4695831
17  libsystem_pthread.dylib             0x00007fff6cd58109 _pthread_start + 148
18  libsystem_pthread.dylib             0x00007fff6cd53b8b thread_start + 15

at org.openqa.selenium.remote.W3CHandshakeResponse.lambda$errorHandler$0(W3CHandshakeResponse.java:62)
at org.openqa.selenium.remote.HandshakeResponse.lambda$getResponseFunction$0(HandshakeResponse.java:30)
at org.openqa.selenium.remote.ProtocolHandshake.lambda$createSession$0(ProtocolHandshake.java:126)
at java.util.stream.ReferencePipeline$3$1.accept(ReferencePipeline.java:193)
at java.util.Spliterators$ArraySpliterator.tryAdvance(Spliterators.java:958)
at java.util.stream.ReferencePipeline.forEachWithCancel(ReferencePipeline.java:126)
at java.util.stream.AbstractPipeline.copyIntoWithCancel(AbstractPipeline.java:499)
at java.util.stream.AbstractPipeline.copyInto(AbstractPipeline.java:486)
at java.util.stream.AbstractPipeline.wrapAndCopyInto(AbstractPipeline.java:472)
at java.util.stream.FindOps$FindOp.evaluateSequential(FindOps.java:152)
at java.util.stream.AbstractPipeline.evaluate(AbstractPipeline.java:234)
at java.util.stream.ReferencePipeline.findFirst(ReferencePipeline.java:464)
at org.openqa.selenium.remote.ProtocolHandshake.createSession(ProtocolHandshake.java:128)
at org.openqa.selenium.remote.ProtocolHandshake.createSession(ProtocolHandshake.java:74)
at org.openqa.selenium.remote.HttpCommandExecutor.execute(HttpCommandExecutor.java:136)
at org.openqa.selenium.remote.service.DriverCommandExecutor.execute(DriverCommandExecutor.java:83)
at org.openqa.selenium.remote.RemoteWebDriver.execute(RemoteWebDriver.java:552)
at org.openqa.selenium.remote.RemoteWebDriver.startSession(RemoteWebDriver.java:213)
at org.openqa.selenium.remote.RemoteWebDriver.<init>(RemoteWebDriver.java:131)
at org.openqa.selenium.chrome.ChromeDriver.<init>(ChromeDriver.java:181)
at org.openqa.selenium.chrome.ChromeDriver.<init>(ChromeDriver.java:168)
at org.openqa.selenium.chrome.ChromeDriver.<init>(ChromeDriver.java:123)
at com.ch.base.BrowserDriverFactory.createDriver(BrowserDriverFactory.java:25)
at com.ch.base.Base.setUp(Base.java:31)
at java.util.concurrent.FutureTask.run(FutureTask.java:266)
at java.util.concurrent.ThreadPoolExecutor.runWorker(ThreadPoolExecutor.java:1149)
at java.util.concurrent.ThreadPoolExecutor$Worker.run(ThreadPoolExecutor.java:624)
at java.lang.Thread.run(Thread.java:748)
... Removed 23 stack frames]]>
    </failure>
  </testcase> <!-- @BeforeMethod setUp -->
  <testcase name="@AfterMethod tearDown" time="0.001" classname="com.ch.base.Base">
    <failure type="java.lang.NullPointerException">
      <![CDATA[java.lang.NullPointerException
at com.ch.base.Base.tearDown(Base.java:42)
at java.util.concurrent.FutureTask.run(FutureTask.java:266)
at java.util.concurrent.ThreadPoolExecutor.runWorker(ThreadPoolExecutor.java:1149)
at java.util.concurrent.ThreadPoolExecutor$Worker.run(ThreadPoolExecutor.java:624)
at java.lang.Thread.run(Thread.java:748)
... Removed 19 stack frames]]>
    </failure>
  </testcase> <!-- @AfterMethod tearDown -->
  <testcase name="@BeforeMethod setUp" time="13.849" classname="com.ch.base.Base">
    <failure type="org.openqa.selenium.SessionNotCreatedException" message="session not created: This version of ChromeDriver only supports Chrome version 81
Build info: version: &amp;apos;3.141.59&amp;apos;, revision: &amp;apos;e82be7d358&amp;apos;, time: &amp;apos;2018-11-14T08:17:03&amp;apos;
System info: host: &amp;apos;LOH070XPGH4JK77.cardinalhealth.net&amp;apos;, ip: &amp;apos;fe80:0:0:0:1421:df48:aa3a:7801%en0&amp;apos;, os.name: &amp;apos;Mac OS X&amp;apos;, os.arch: &amp;apos;x86_64&amp;apos;, os.version: &amp;apos;10.15.4&amp;apos;, java.version: &amp;apos;1.8.0_251&amp;apos;
Driver info: driver.version: ChromeDriver
remote stacktrace: 0   chromedriver                        0x000000010caf4789 chromedriver + 4671369
1   chromedriver                        0x000000010ca8f5d3 chromedriver + 4257235
2   chromedriver                        0x000000010c73900f chromedriver + 757775
3   chromedriver                        0x000000010c698fc9 chromedriver + 102345
4   chromedriver                        0x000000010c6951fc chromedriver + 86524
5   chromedriver                        0x000000010c6c4403 chromedriver + 279555
6   chromedriver                        0x000000010c6c1213 chromedriver + 266771
7   chromedriver                        0x000000010c69b21d chromedriver + 111133
8   chromedriver                        0x000000010c69c1c5 chromedriver + 115141
9   chromedriver                        0x000000010cab703f chromedriver + 4419647
10  chromedriver                        0x000000010cac3cda chromedriver + 4472026
11  chromedriver                        0x000000010cac3a77 chromedriver + 4471415
12  chromedriver                        0x000000010ca9b189 chromedriver + 4305289
13  chromedriver                        0x000000010cac4587 chromedriver + 4474247
14  chromedriver                        0x000000010caacdc7 chromedriver + 4378055
15  chromedriver                        0x000000010cada7f4 chromedriver + 4564980
16  chromedriver                        0x000000010cafa717 chromedriver + 4695831
17  libsystem_pthread.dylib             0x00007fff6cd58109 _pthread_start + 148
18  libsystem_pthread.dylib             0x00007fff6cd53b8b thread_start + 15
">
      <![CDATA[org.openqa.selenium.SessionNotCreatedException: session not created: This version of ChromeDriver only supports Chrome version 81
Build info: version: '3.141.59', revision: 'e82be7d358', time: '2018-11-14T08:17:03'
System info: host: 'LOH070XPGH4JK77.cardinalhealth.net', ip: 'fe80:0:0:0:1421:df48:aa3a:7801%en0', os.name: 'Mac OS X', os.arch: 'x86_64', os.version: '10.15.4', java.version: '1.8.0_251'
Driver info: driver.version: ChromeDriver
remote stacktrace: 0   chromedriver                        0x000000010caf4789 chromedriver + 4671369
1   chromedriver                        0x000000010ca8f5d3 chromedriver + 4257235
2   chromedriver                        0x000000010c73900f chromedriver + 757775
3   chromedriver                        0x000000010c698fc9 chromedriver + 102345
4   chromedriver                        0x000000010c6951fc chromedriver + 86524
5   chromedriver                        0x000000010c6c4403 chromedriver + 279555
6   chromedriver                        0x000000010c6c1213 chromedriver + 266771
7   chromedriver                        0x000000010c69b21d chromedriver + 111133
8   chromedriver                        0x000000010c69c1c5 chromedriver + 115141
9   chromedriver                        0x000000010cab703f chromedriver + 4419647
10  chromedriver                        0x000000010cac3cda chromedriver + 4472026
11  chromedriver                        0x000000010cac3a77 chromedriver + 4471415
12  chromedriver                        0x000000010ca9b189 chromedriver + 4305289
13  chromedriver                        0x000000010cac4587 chromedriver + 4474247
14  chromedriver                        0x000000010caacdc7 chromedriver + 4378055
15  chromedriver                        0x000000010cada7f4 chromedriver + 4564980
16  chromedriver                        0x000000010cafa717 chromedriver + 4695831
17  libsystem_pthread.dylib             0x00007fff6cd58109 _pthread_start + 148
18  libsystem_pthread.dylib             0x00007fff6cd53b8b thread_start + 15

at org.openqa.selenium.remote.W3CHandshakeResponse.lambda$errorHandler$0(W3CHandshakeResponse.java:62)
at org.openqa.selenium.remote.HandshakeResponse.lambda$getResponseFunction$0(HandshakeResponse.java:30)
at org.openqa.selenium.remote.ProtocolHandshake.lambda$createSession$0(ProtocolHandshake.java:126)
at java.util.stream.ReferencePipeline$3$1.accept(ReferencePipeline.java:193)
at java.util.Spliterators$ArraySpliterator.tryAdvance(Spliterators.java:958)
at java.util.stream.ReferencePipeline.forEachWithCancel(ReferencePipeline.java:126)
at java.util.stream.AbstractPipeline.copyIntoWithCancel(AbstractPipeline.java:499)
at java.util.stream.AbstractPipeline.copyInto(AbstractPipeline.java:486)
at java.util.stream.AbstractPipeline.wrapAndCopyInto(AbstractPipeline.java:472)
at java.util.stream.FindOps$FindOp.evaluateSequential(FindOps.java:152)
at java.util.stream.AbstractPipeline.evaluate(AbstractPipeline.java:234)
at java.util.stream.ReferencePipeline.findFirst(ReferencePipeline.java:464)
at org.openqa.selenium.remote.ProtocolHandshake.createSession(ProtocolHandshake.java:128)
at org.openqa.selenium.remote.ProtocolHandshake.createSession(ProtocolHandshake.java:74)
at org.openqa.selenium.remote.HttpCommandExecutor.execute(HttpCommandExecutor.java:136)
at org.openqa.selenium.remote.service.DriverCommandExecutor.execute(DriverCommandExecutor.java:83)
at org.openqa.selenium.remote.RemoteWebDriver.execute(RemoteWebDriver.java:552)
at org.openqa.selenium.remote.RemoteWebDriver.startSession(RemoteWebDriver.java:213)
at org.openqa.selenium.remote.RemoteWebDriver.<init>(RemoteWebDriver.java:131)
at org.openqa.selenium.chrome.ChromeDriver.<init>(ChromeDriver.java:181)
at org.openqa.selenium.chrome.ChromeDriver.<init>(ChromeDriver.java:168)
at org.openqa.selenium.chrome.ChromeDriver.<init>(ChromeDriver.java:123)
at com.ch.base.BrowserDriverFactory.createDriver(BrowserDriverFactory.java:25)
at com.ch.base.Base.setUp(Base.java:31)
at java.util.concurrent.FutureTask.run(FutureTask.java:266)
at java.util.concurrent.ThreadPoolExecutor.runWorker(ThreadPoolExecutor.java:1149)
at java.util.concurrent.ThreadPoolExecutor$Worker.run(ThreadPoolExecutor.java:624)
at java.lang.Thread.run(Thread.java:748)
... Removed 23 stack frames]]>
    </failure>
  </testcase> <!-- @BeforeMethod setUp -->
  <testcase name="@AfterMethod tearDown" time="0.0" classname="com.ch.base.Base">
    <failure type="java.lang.NullPointerException">
      <![CDATA[java.lang.NullPointerException
at com.ch.base.Base.tearDown(Base.java:42)
at java.util.concurrent.FutureTask.run(FutureTask.java:266)
at java.util.concurrent.ThreadPoolExecutor.runWorker(ThreadPoolExecutor.java:1149)
at java.util.concurrent.ThreadPoolExecutor$Worker.run(ThreadPoolExecutor.java:624)
at java.lang.Thread.run(Thread.java:748)
... Removed 19 stack frames]]>
    </failure>
  </testcase> <!-- @AfterMethod tearDown -->
  <testcase name="FailedCMR1" time="0.0" classname="com.ch.tests.FailedCMRTest">
    <skipped/>
  </testcase> <!-- FailedCMR1 -->
</testsuite> <!-- FailedCMR -->
