<?xml version="1.0" encoding="UTF-8" standalone="yes"?>
<ns2:test-suite start="1592244445386" stop="1592244524795" version="1.5.4" xmlns:ns2="urn:model.allure.qatools.yandex.ru">
    <name>Default suite : Default test</name>
    <title>Default suite : Default test</title>
    <test-cases>
        <test-case start="1592244450919" stop="1592244524774" status="broken">
            <name>postiveLoginTest</name>
            <description>Verifying login functionality</description>
            <failure>
                <message>Test was interrupted</message>
            </failure>
            <labels>
                <label name="testSuite" value="Default suite"/>
                <label name="testGroup" value="Default test"/>
                <label name="testClass" value="com.ch.tests.LoginTest"/>
                <label name="testMethod" value="postiveLoginTest"/>
                <label name="host" value="LOH070XPGH4JK77.cardinalhealth.net"/>
                <label name="thread" value="11724@LOH070XPGH4JK77.cardinalhealth.net.main(1)"/>
            </labels>
        </test-case>
        <test-case start="1592244445386" stop="1592244524777" status="broken">
            <name>Default suite : Default test</name>
            <title>Default suite : Default test</title>
            <failure>
                <message>Test suite was interrupted, some test cases may be lost</message>
            </failure>
        </test-case>
    </test-cases>
    <labels>
        <label name="framework" value="TestNG"/>
        <label name="language" value="JAVA"/>
    </labels>
</ns2:test-suite>
