{"name":"Verifying login functionality","status":"broken","statusDetails":{"known":false,"muted":false,"flaky":false,"message":"Returned value cannot be converted to WebElement: {message=Invalid message: The test with session id 21ed4af1e06d4de690e405025cf08734 has already finished, and can't receive further commands.\nFor help, please check https://wiki.saucelabs.com/display/DOCS/Common+Error+Messages}\nBuild info: version: '3.141.59', revision: 'e82be7d358', time: '2018-11-14T08:17:03'\nSystem info: host: 'LOH070XPGH4JK77.cardinalhealth.net', ip: 'fe80:0:0:0:1443:4b6f:87db:f756%en0', os.name: 'Mac OS X', os.arch: 'x86_64', os.version: '10.15.4', java.version: '1.8.0_251'\nDriver info: driver.version: RemoteWebDriver","trace":"org.openqa.selenium.WebDriverException: Returned value cannot be converted to WebElement: {message=Invalid message: The test with session id 21ed4af1e06d4de690e405025cf08734 has already finished, and can't receive further commands.\nFor help, please check https://wiki.saucelabs.com/display/DOCS/Common+Error+Messages}\nBuild info: version: '3.141.59', revision: 'e82be7d358', time: '2018-11-14T08:17:03'\nSystem info: host: 'LOH070XPGH4JK77.cardinalhealth.net', ip: 'fe80:0:0:0:1443:4b6f:87db:f756%en0', os.name: 'Mac OS X', os.arch: 'x86_64', os.version: '10.15.4', java.version: '1.8.0_251'\nDriver info: driver.version: RemoteWebDriver\n\tat org.openqa.selenium.remote.RemoteWebDriver.findElement(RemoteWebDriver.java:333)\n\tat org.openqa.selenium.remote.RemoteWebDriver.findElementByXPath(RemoteWebDriver.java:428)\n\tat org.openqa.selenium.By$ByXPath.findElement(By.java:353)\n\tat org.openqa.selenium.remote.RemoteWebDriver.findElement(RemoteWebDriver.java:315)\n\tat org.openqa.selenium.support.ui.ExpectedConditions$27.apply(ExpectedConditions.java:786)\n\tat org.openqa.selenium.support.ui.ExpectedConditions$27.apply(ExpectedConditions.java:782)\n\tat org.openqa.selenium.support.ui.FluentWait.until(FluentWait.java:249)\n\tat com.ch.tests.LoginTest.postiveLoginTest(LoginTest.java:35)\n\tat sun.reflect.NativeMethodAccessorImpl.invoke0(Native Method)\n\tat sun.reflect.NativeMethodAccessorImpl.invoke(NativeMethodAccessorImpl.java:62)\n\tat sun.reflect.DelegatingMethodAccessorImpl.invoke(DelegatingMethodAccessorImpl.java:43)\n\tat java.lang.reflect.Method.invoke(Method.java:498)\n\tat org.testng.internal.MethodInvocationHelper.invokeMethod(MethodInvocationHelper.java:124)\n\tat org.testng.internal.Invoker.invokeMethod(Invoker.java:583)\n\tat org.testng.internal.Invoker.invokeTestMethod(Invoker.java:719)\n\tat org.testng.internal.Invoker.invokeTestMethods(Invoker.java:989)\n\tat org.testng.internal.TestMethodWorker.invokeTestMethods(TestMethodWorker.java:125)\n\tat org.testng.internal.TestMethodWorker.run(TestMethodWorker.java:109)\n\tat org.testng.TestRunner.privateRun(TestRunner.java:648)\n\tat org.testng.TestRunner.run(TestRunner.java:505)\n\tat org.testng.SuiteRunner.runTest(SuiteRunner.java:455)\n\tat org.testng.SuiteRunner.runSequentially(SuiteRunner.java:450)\n\tat org.testng.SuiteRunner.privateRun(SuiteRunner.java:415)\n\tat org.testng.SuiteRunner.run(SuiteRunner.java:364)\n\tat org.testng.SuiteRunnerWorker.runSuite(SuiteRunnerWorker.java:52)\n\tat org.testng.SuiteRunnerWorker.run(SuiteRunnerWorker.java:84)\n\tat org.testng.TestNG.runSuitesSequentially(TestNG.java:1208)\n\tat org.testng.TestNG.runSuitesLocally(TestNG.java:1137)\n\tat org.testng.TestNG.runSuites(TestNG.java:1049)\n\tat org.testng.TestNG.run(TestNG.java:1017)\n\tat org.testng.remote.AbstractRemoteTestNG.run(AbstractRemoteTestNG.java:114)\n\tat org.testng.remote.RemoteTestNG.initAndRun(RemoteTestNG.java:251)\n\tat org.testng.remote.RemoteTestNG.main(RemoteTestNG.java:77)\nCaused by: java.lang.ClassCastException: com.google.common.collect.Maps$TransformedEntriesMap cannot be cast to org.openqa.selenium.WebElement\n\tat org.openqa.selenium.remote.RemoteWebDriver.findElement(RemoteWebDriver.java:331)\n\t... 32 more\n"},"stage":"finished","description":"Verifying login functionality - positive","steps":[],"attachments":[],"parameters":[],"start":1592244585024,"stop":1592244609885,"uuid":"9a06f287-9f17-42a7-962b-d030974c2e35","historyId":"67ed87c1ca21fcf11360c4dba9df58d5","fullName":"com.ch.tests.LoginTest.postiveLoginTest","labels":[{"name":"package","value":"com.ch.tests.LoginTest"},{"name":"testClass","value":"com.ch.tests.LoginTest"},{"name":"testMethod","value":"postiveLoginTest"},{"name":"parentSuite","value":"Default suite"},{"name":"suite","value":"Default test"},{"name":"subSuite","value":"com.ch.tests.LoginTest"},{"name":"host","value":"LOH070XPGH4JK77.cardinalhealth.net"},{"name":"thread","value":"11746@LOH070XPGH4JK77.cardinalhealth.net.main(1)"},{"name":"framework","value":"testng"},{"name":"language","value":"java"},{"name":"story","value":"Login Functionality"},{"name":"severity","value":"critical"}],"links":[]}